<?xml version="1.0" encoding="UTF-8"?>
<testng-results skipped="0" failed="1" total="1" passed="0">
  <reporter-output>
  </reporter-output>
  <suite name="Default suite" duration-ms="24925" started-at="2020-03-15T14:28:39Z" finished-at="2020-03-15T14:29:04Z">
    <groups>
    </groups>
    <test name="Default test" duration-ms="24925" started-at="2020-03-15T14:28:39Z" finished-at="2020-03-15T14:29:04Z">
      <class name="GAU.gau">
        <test-method status="FAIL" signature="upload()[pri:0, instance:GAU.gau@7dc7cbad]" name="upload" duration-ms="24869" started-at="2020-03-15T19:58:39Z" finished-at="2020-03-15T19:59:04Z">
          <exception class="java.lang.IncompatibleClassChangeError">
            <message>
              <![CDATA[Found interface org.apache.poi.util.POILogger, but class was expected]]>
            </message>
            <full-stacktrace>
              <![CDATA[java.lang.IncompatibleClassChangeError: Found interface org.apache.poi.util.POILogger, but class was expected
	at org.apache.poi.openxml4j.opc.PackageRelationshipCollection.parseRelationshipsPart(PackageRelationshipCollection.java:313)
	at org.apache.poi.openxml4j.opc.PackageRelationshipCollection.<init>(PackageRelationshipCollection.java:162)
	at org.apache.poi.openxml4j.opc.PackageRelationshipCollection.<init>(PackageRelationshipCollection.java:130)
	at org.apache.poi.openxml4j.opc.PackagePart.loadRelationships(PackagePart.java:559)
	at org.apache.poi.openxml4j.opc.PackagePart.<init>(PackagePart.java:112)
	at org.apache.poi.openxml4j.opc.PackagePart.<init>(PackagePart.java:83)
	at org.apache.poi.openxml4j.opc.PackagePart.<init>(PackagePart.java:128)
	at org.apache.poi.openxml4j.opc.ZipPackagePart.<init>(ZipPackagePart.java:78)
	at org.apache.poi.openxml4j.opc.ZipPackage.getPartsImpl(ZipPackage.java:239)
	at org.apache.poi.openxml4j.opc.OPCPackage.getParts(OPCPackage.java:665)
	at org.apache.poi.openxml4j.opc.OPCPackage.open(OPCPackage.java:274)
	at org.apache.poi.util.PackageHelper.open(PackageHelper.java:39)
	at org.apache.poi.xssf.usermodel.XSSFWorkbook.<init>(XSSFWorkbook.java:218)
	at GAU.gau.upload(gau.java:32)
	at sun.reflect.NativeMethodAccessorImpl.invoke0(Native Method)
	at sun.reflect.NativeMethodAccessorImpl.invoke(Unknown Source)
	at sun.reflect.DelegatingMethodAccessorImpl.invoke(Unknown Source)
	at java.lang.reflect.Method.invoke(Unknown Source)
	at org.testng.internal.MethodInvocationHelper.invokeMethod(MethodInvocationHelper.java:80)
	at org.testng.internal.Invoker.invokeMethod(Invoker.java:714)
	at org.testng.internal.Invoker.invokeTestMethod(Invoker.java:901)
	at org.testng.internal.Invoker.invokeTestMethods(Invoker.java:1231)
	at org.testng.internal.TestMethodWorker.invokeTestMethods(TestMethodWorker.java:127)
	at org.testng.internal.TestMethodWorker.run(TestMethodWorker.java:111)
	at org.testng.TestRunner.privateRun(TestRunner.java:767)
	at org.testng.TestRunner.run(TestRunner.java:617)
	at org.testng.SuiteRunner.runTest(SuiteRunner.java:334)
	at org.testng.SuiteRunner.runSequentially(SuiteRunner.java:329)
	at org.testng.SuiteRunner.privateRun(SuiteRunner.java:291)
	at org.testng.SuiteRunner.run(SuiteRunner.java:240)
	at org.testng.SuiteRunnerWorker.runSuite(SuiteRunnerWorker.java:52)
	at org.testng.SuiteRunnerWorker.run(SuiteRunnerWorker.java:86)
	at org.testng.TestNG.runSuitesSequentially(TestNG.java:1198)
	at org.testng.TestNG.runSuitesLocally(TestNG.java:1123)
	at org.testng.TestNG.run(TestNG.java:1031)
	at org.testng.remote.AbstractRemoteTestNG.run(AbstractRemoteTestNG.java:114)
	at org.testng.remote.RemoteTestNG.initAndRun(RemoteTestNG.java:251)
	at org.testng.remote.RemoteTestNG.main(RemoteTestNG.java:77)
]]>
            </full-stacktrace>
          </exception> <!-- java.lang.IncompatibleClassChangeError -->
          <reporter-output>
          </reporter-output>
        </test-method> <!-- upload -->
      </class> <!-- GAU.gau -->
    </test> <!-- Default test -->
  </suite> <!-- Default suite -->
</testng-results>
